Grammaire

    0 $accept: all $end

    1 all: programme

    2 programme: DEBUT_PROG corps

    3 corps: liste_declarations liste_instructions
    4      | liste_instructions

    5 liste_declarations: dec1

    6 liste_instructions: DEBUT suite_liste_inst FIN

    7 suite_liste_inst: instruction POINT_VIRGULE
    8                 | suite_liste_inst instruction POINT_VIRGULE

    9 dec1: declaration_type POINT_VIRGULE
   10     | declaration_type POINT_VIRGULE dec1
   11     | dec2

   12 dec2: declaration_variable POINT_VIRGULE
   13     | declaration_variable POINT_VIRGULE dec2
   14     | dec3

   15 dec3: declaration_procedure POINT_VIRGULE
   16     | declaration_fonction POINT_VIRGULE
   17     | declaration_procedure POINT_VIRGULE dec3
   18     | declaration_fonction POINT_VIRGULE dec3

   19 declaration_type: TYPE IDF DEUX_POINTS suite_declaration_type_t
   20                 | TYPE IDF DEUX_POINTS suite_declaration_type_s

   21 suite_declaration_type_s: STRUCT liste_champs FSTRUCT

   22 suite_declaration_type_t: TABLEAU dimension DE nom_type

   23 dimension: CO liste_dimensions CF

   24 liste_dimensions: une_dimension
   25                 | liste_dimensions VIRGULE une_dimension

   26 une_dimension: const_entier DIEZ const_entier

   27 const_entier: CSTE_ENTIERE
   28             | MOINS CSTE_ENTIERE

   29 liste_champs: un_champ
   30             | liste_champs un_champ

   31 un_champ: IDF DEUX_POINTS nom_type POINT_VIRGULE

   32 nom_type: type_simple
   33         | IDF

   34 type_simple: ENTIER
   35            | REEL
   36            | BOOLEEN
   37            | CARACTERE
   38            | CHAINE CO CSTE_ENTIERE CF

   39 declaration_variable: VARIABLE IDF DEUX_POINTS nom_type

   40 $@1: %empty

   41 declaration_procedure: PROCEDURE IDF liste_parametres $@1 corps

   42 $@2: %empty

   43 declaration_fonction: FONCTION IDF liste_parametres RETOURNE nom_type $@2 corps

   44 liste_parametres: %empty
   45                 | PO liste_param PF

   46 liste_param: un_param
   47            | liste_param POINT_VIRGULE un_param

   48 un_param: IDF DEUX_POINTS nom_type

   49 instruction: affectation
   50            | condition
   51            | tant_que
   52            | appel
   53            | VIDE
   54            | RETOURNE resultat_retourne
   55            | lire
   56            | ecrire

   57 lire: READ PO type_simple PF

   58 ecrire: WRITE PO IDF PF

   59 resultat_retourne: %empty
   60                  | expression
   61                  | expression_chaine

   62 appel: IDF liste_arguments

   63 liste_arguments: PO PF
   64                | PO liste_args PF

   65 liste_args: un_arg
   66           | liste_args VIRGULE un_arg

   67 un_arg: expression

   68 condition: SI expression ALORS liste_instructions SINON liste_instructions

   69 tant_que: TANT_QUE expression FAIRE liste_instructions

   70 affectation: variable OPAFF expression
   71            | variable OPAFF expression_chaine
   72            | variable plus_moins

   73 variable: variable_idf
   74         | tableau
   75         | variable POINT tableau
   76         | variable POINT variable_idf

   77 variable_idf: IDF

   78 tableau: IDF liste_param_tab

   79 liste_param_tab: CO param_du_tab CF
   80                | liste_param_tab CO param_du_tab CF

   81 param_du_tab: expression
   82             | param_du_tab VIRGULE expression

   83 expression_chaine: expression_chaine PLUS CSTE_CHAINE
   84                  | CSTE_CHAINE

   85 expression: expression_et

   86 expression_et: expression_et ET expression_ou
   87              | expression_ou

   88 expression_ou: expression_ou OU expression_neg
   89              | expression_neg

   90 expression_neg: NON expression_bcn
   91               | expression_bcn

   92 expression_bcn: cste_bool
   93               | expression_cmp
   94               | expression_num

   95 cste_bool: VRAI
   96          | FAUX

   97 expression_cmp: expression_num opcomp expression_num

   98 opcomp: INF
   99       | INFEGAL
  100       | SUP
  101       | SUPEGAL
  102       | EGAL
  103       | DIFF

  104 expression_num: e1

  105 e1: e2
  106   | e1 PLUS e2
  107   | e1 MOINS e2

  108 e2: e3
  109   | e2 MULT e3
  110   | e2 DIV e3

  111 e3: MOINS e4
  112   | e4

  113 e4: PO expression PF
  114   | CSTE_ENTIERE
  115   | CSTE_REEL
  116   | CSTE_CARACTERE
  117   | appel
  118   | e5

  119 e5: variable
  120   | variable plus_moins

  121 plus_moins: INCREMENTE
  122           | DECREMENTE


Terminaux, suivis des règles où ils apparaissent

$end (0) 0
error (256)
DEBUT_PROG (258) 2
DEBUT (259) 6
FIN (260) 6
POINT_VIRGULE (261) 7 8 9 10 12 13 15 16 17 18 31 47
TYPE (262) 19 20
DEUX_POINTS (263) 19 20 31 39 48
STRUCT (264) 21
FSTRUCT (265) 21
TABLEAU (266) 22
CO (267) 23 38 79 80
CF (268) 23 38 79 80
VIRGULE (269) 25 66 82
POINT (270) 75 76
VARIABLE (271) 39
PROCEDURE (272) 41
FONCTION (273) 43
PO (274) 45 57 58 63 64 113
PF (275) 45 57 58 63 64 113
VIDE (276) 53
TANT_QUE (277) 69
FAIRE (278) 69
OPAFF (279) 70 71
PLUS (280) 83 106
MOINS (281) 28 107 111
DIV (282) 110
MULT (283) 109
VRAI (284) 95
FAUX (285) 96
INF (286) 98
SUP (287) 100
INFEGAL (288) 99
SUPEGAL (289) 101
EGAL (290) 102
DIFF (291) 103
RETOURNE (292) 43 54
SI (293) 68
ALORS (294) 68
SINON (295) 68
ET (296) 86
OU (297) 88
DE (298) 22
INCREMENTE (299) 121
DECREMENTE (300) 122
DIEZ (301) 26
NON (302) 90
READ (303) 57
WRITE (304) 58
CSTE_ENTIERE (305) 27 28 38 114
IDF (306) 19 20 31 33 39 41 43 48 58 62 77 78
CSTE_CARACTERE (307) 116
CSTE_CHAINE (308) 83 84
ENTIER (309) 34
REEL (310) 35
CHAINE (311) 38
BOOLEEN (312) 36
CARACTERE (313) 37
CSTE_REEL (314) 115


Non-terminaux, suivis des règles où ils apparaissent

$accept (60)
    à gauche: 0
all (61)
    à gauche: 1, à droite: 0
programme (62)
    à gauche: 2, à droite: 1
corps (63)
    à gauche: 3 4, à droite: 2 41 43
liste_declarations (64)
    à gauche: 5, à droite: 3
liste_instructions (65)
    à gauche: 6, à droite: 3 4 68 69
suite_liste_inst (66)
    à gauche: 7 8, à droite: 6 8
dec1 (67)
    à gauche: 9 10 11, à droite: 5 10
dec2 (68)
    à gauche: 12 13 14, à droite: 11 13
dec3 (69)
    à gauche: 15 16 17 18, à droite: 14 17 18
declaration_type (70)
    à gauche: 19 20, à droite: 9 10
suite_declaration_type_s (71)
    à gauche: 21, à droite: 20
suite_declaration_type_t (72)
    à gauche: 22, à droite: 19
dimension (73)
    à gauche: 23, à droite: 22
liste_dimensions (74)
    à gauche: 24 25, à droite: 23 25
une_dimension (75)
    à gauche: 26, à droite: 24 25
const_entier (76)
    à gauche: 27 28, à droite: 26
liste_champs (77)
    à gauche: 29 30, à droite: 21 30
un_champ (78)
    à gauche: 31, à droite: 29 30
nom_type (79)
    à gauche: 32 33, à droite: 22 31 39 43 48
type_simple (80)
    à gauche: 34 35 36 37 38, à droite: 32 57
declaration_variable (81)
    à gauche: 39, à droite: 12 13
declaration_procedure (82)
    à gauche: 41, à droite: 15 17
$@1 (83)
    à gauche: 40, à droite: 41
declaration_fonction (84)
    à gauche: 43, à droite: 16 18
$@2 (85)
    à gauche: 42, à droite: 43
liste_parametres (86)
    à gauche: 44 45, à droite: 41 43
liste_param (87)
    à gauche: 46 47, à droite: 45 47
un_param (88)
    à gauche: 48, à droite: 46 47
instruction (89)
    à gauche: 49 50 51 52 53 54 55 56, à droite: 7 8
lire (90)
    à gauche: 57, à droite: 55
ecrire (91)
    à gauche: 58, à droite: 56
resultat_retourne (92)
    à gauche: 59 60 61, à droite: 54
appel (93)
    à gauche: 62, à droite: 52 117
liste_arguments (94)
    à gauche: 63 64, à droite: 62
liste_args (95)
    à gauche: 65 66, à droite: 64 66
un_arg (96)
    à gauche: 67, à droite: 65 66
condition (97)
    à gauche: 68, à droite: 50
tant_que (98)
    à gauche: 69, à droite: 51
affectation (99)
    à gauche: 70 71 72, à droite: 49
variable (100)
    à gauche: 73 74 75 76, à droite: 70 71 72 75 76 119 120
variable_idf (101)
    à gauche: 77, à droite: 73 76
tableau (102)
    à gauche: 78, à droite: 74 75
liste_param_tab (103)
    à gauche: 79 80, à droite: 78 80
param_du_tab (104)
    à gauche: 81 82, à droite: 79 80 82
expression_chaine (105)
    à gauche: 83 84, à droite: 61 71 83
expression (106)
    à gauche: 85, à droite: 60 67 68 69 70 81 82 113
expression_et (107)
    à gauche: 86 87, à droite: 85 86
expression_ou (108)
    à gauche: 88 89, à droite: 86 87 88
expression_neg (109)
    à gauche: 90 91, à droite: 88 89
expression_bcn (110)
    à gauche: 92 93 94, à droite: 90 91
cste_bool (111)
    à gauche: 95 96, à droite: 92
expression_cmp (112)
    à gauche: 97, à droite: 93
opcomp (113)
    à gauche: 98 99 100 101 102 103, à droite: 97
expression_num (114)
    à gauche: 104, à droite: 94 97
e1 (115)
    à gauche: 105 106 107, à droite: 104 106 107
e2 (116)
    à gauche: 108 109 110, à droite: 105 106 107 109 110
e3 (117)
    à gauche: 111 112, à droite: 108 109 110
e4 (118)
    à gauche: 113 114 115 116 117 118, à droite: 111 112
e5 (119)
    à gauche: 119 120, à droite: 118
plus_moins (120)
    à gauche: 121 122, à droite: 72 120


État 0

    0 $accept: . all $end

    DEBUT_PROG  décalage et aller à l'état 1

    all        aller à l'état 2
    programme  aller à l'état 3


État 1

    2 programme: DEBUT_PROG . corps

    DEBUT      décalage et aller à l'état 4
    TYPE       décalage et aller à l'état 5
    VARIABLE   décalage et aller à l'état 6
    PROCEDURE  décalage et aller à l'état 7
    FONCTION   décalage et aller à l'état 8

    corps                  aller à l'état 9
    liste_declarations     aller à l'état 10
    liste_instructions     aller à l'état 11
    dec1                   aller à l'état 12
    dec2                   aller à l'état 13
    dec3                   aller à l'état 14
    declaration_type       aller à l'état 15
    declaration_variable   aller à l'état 16
    declaration_procedure  aller à l'état 17
    declaration_fonction   aller à l'état 18


État 2

    0 $accept: all . $end

    $end  décalage et aller à l'état 19


État 3

    1 all: programme .

    $défaut  réduction par utilisation de la règle 1 (all)


État 4

    6 liste_instructions: DEBUT . suite_liste_inst FIN

    VIDE      décalage et aller à l'état 20
    TANT_QUE  décalage et aller à l'état 21
    RETOURNE  décalage et aller à l'état 22
    SI        décalage et aller à l'état 23
    READ      décalage et aller à l'état 24
    WRITE     décalage et aller à l'état 25
    IDF       décalage et aller à l'état 26

    suite_liste_inst  aller à l'état 27
    instruction       aller à l'état 28
    lire              aller à l'état 29
    ecrire            aller à l'état 30
    appel             aller à l'état 31
    condition         aller à l'état 32
    tant_que          aller à l'état 33
    affectation       aller à l'état 34
    variable          aller à l'état 35
    variable_idf      aller à l'état 36
    tableau           aller à l'état 37


État 5

   19 declaration_type: TYPE . IDF DEUX_POINTS suite_declaration_type_t
   20                 | TYPE . IDF DEUX_POINTS suite_declaration_type_s

    IDF  décalage et aller à l'état 38


État 6

   39 declaration_variable: VARIABLE . IDF DEUX_POINTS nom_type

    IDF  décalage et aller à l'état 39


État 7

   41 declaration_procedure: PROCEDURE . IDF liste_parametres $@1 corps

    IDF  décalage et aller à l'état 40


État 8

   43 declaration_fonction: FONCTION . IDF liste_parametres RETOURNE nom_type $@2 corps

    IDF  décalage et aller à l'état 41


État 9

    2 programme: DEBUT_PROG corps .

    $défaut  réduction par utilisation de la règle 2 (programme)


État 10

    3 corps: liste_declarations . liste_instructions

    DEBUT  décalage et aller à l'état 4

    liste_instructions  aller à l'état 42


État 11

    4 corps: liste_instructions .

    $défaut  réduction par utilisation de la règle 4 (corps)


État 12

    5 liste_declarations: dec1 .

    $défaut  réduction par utilisation de la règle 5 (liste_declarations)


État 13

   11 dec1: dec2 .

    $défaut  réduction par utilisation de la règle 11 (dec1)


État 14

   14 dec2: dec3 .

    $défaut  réduction par utilisation de la règle 14 (dec2)


État 15

    9 dec1: declaration_type . POINT_VIRGULE
   10     | declaration_type . POINT_VIRGULE dec1

    POINT_VIRGULE  décalage et aller à l'état 43


État 16

   12 dec2: declaration_variable . POINT_VIRGULE
   13     | declaration_variable . POINT_VIRGULE dec2

    POINT_VIRGULE  décalage et aller à l'état 44


État 17

   15 dec3: declaration_procedure . POINT_VIRGULE
   17     | declaration_procedure . POINT_VIRGULE dec3

    POINT_VIRGULE  décalage et aller à l'état 45


État 18

   16 dec3: declaration_fonction . POINT_VIRGULE
   18     | declaration_fonction . POINT_VIRGULE dec3

    POINT_VIRGULE  décalage et aller à l'état 46


État 19

    0 $accept: all $end .

    $défaut  accepter


État 20

   53 instruction: VIDE .

    $défaut  réduction par utilisation de la règle 53 (instruction)


État 21

   69 tant_que: TANT_QUE . expression FAIRE liste_instructions

    PO              décalage et aller à l'état 47
    MOINS           décalage et aller à l'état 48
    VRAI            décalage et aller à l'état 49
    FAUX            décalage et aller à l'état 50
    NON             décalage et aller à l'état 51
    CSTE_ENTIERE    décalage et aller à l'état 52
    IDF             décalage et aller à l'état 26
    CSTE_CARACTERE  décalage et aller à l'état 53
    CSTE_REEL       décalage et aller à l'état 54

    appel           aller à l'état 55
    variable        aller à l'état 56
    variable_idf    aller à l'état 36
    tableau         aller à l'état 37
    expression      aller à l'état 57
    expression_et   aller à l'état 58
    expression_ou   aller à l'état 59
    expression_neg  aller à l'état 60
    expression_bcn  aller à l'état 61
    cste_bool       aller à l'état 62
    expression_cmp  aller à l'état 63
    expression_num  aller à l'état 64
    e1              aller à l'état 65
    e2              aller à l'état 66
    e3              aller à l'état 67
    e4              aller à l'état 68
    e5              aller à l'état 69


État 22

   54 instruction: RETOURNE . resultat_retourne

    PO              décalage et aller à l'état 47
    MOINS           décalage et aller à l'état 48
    VRAI            décalage et aller à l'état 49
    FAUX            décalage et aller à l'état 50
    NON             décalage et aller à l'état 51
    CSTE_ENTIERE    décalage et aller à l'état 52
    IDF             décalage et aller à l'état 26
    CSTE_CARACTERE  décalage et aller à l'état 53
    CSTE_CHAINE     décalage et aller à l'état 70
    CSTE_REEL       décalage et aller à l'état 54

    $défaut  réduction par utilisation de la règle 59 (resultat_retourne)

    resultat_retourne  aller à l'état 71
    appel              aller à l'état 55
    variable           aller à l'état 56
    variable_idf       aller à l'état 36
    tableau            aller à l'état 37
    expression_chaine  aller à l'état 72
    expression         aller à l'état 73
    expression_et      aller à l'état 58
    expression_ou      aller à l'état 59
    expression_neg     aller à l'état 60
    expression_bcn     aller à l'état 61
    cste_bool          aller à l'état 62
    expression_cmp     aller à l'état 63
    expression_num     aller à l'état 64
    e1                 aller à l'état 65
    e2                 aller à l'état 66
    e3                 aller à l'état 67
    e4                 aller à l'état 68
    e5                 aller à l'état 69


État 23

   68 condition: SI . expression ALORS liste_instructions SINON liste_instructions

    PO              décalage et aller à l'état 47
    MOINS           décalage et aller à l'état 48
    VRAI            décalage et aller à l'état 49
    FAUX            décalage et aller à l'état 50
    NON             décalage et aller à l'état 51
    CSTE_ENTIERE    décalage et aller à l'état 52
    IDF             décalage et aller à l'état 26
    CSTE_CARACTERE  décalage et aller à l'état 53
    CSTE_REEL       décalage et aller à l'état 54

    appel           aller à l'état 55
    variable        aller à l'état 56
    variable_idf    aller à l'état 36
    tableau         aller à l'état 37
    expression      aller à l'état 74
    expression_et   aller à l'état 58
    expression_ou   aller à l'état 59
    expression_neg  aller à l'état 60
    expression_bcn  aller à l'état 61
    cste_bool       aller à l'état 62
    expression_cmp  aller à l'état 63
    expression_num  aller à l'état 64
    e1              aller à l'état 65
    e2              aller à l'état 66
    e3              aller à l'état 67
    e4              aller à l'état 68
    e5              aller à l'état 69


État 24

   57 lire: READ . PO type_simple PF

    PO  décalage et aller à l'état 75


État 25

   58 ecrire: WRITE . PO IDF PF

    PO  décalage et aller à l'état 76


État 26

   62 appel: IDF . liste_arguments
   77 variable_idf: IDF .
   78 tableau: IDF . liste_param_tab

    CO  décalage et aller à l'état 77
    PO  décalage et aller à l'état 78

    $défaut  réduction par utilisation de la règle 77 (variable_idf)

    liste_arguments  aller à l'état 79
    liste_param_tab  aller à l'état 80


État 27

    6 liste_instructions: DEBUT suite_liste_inst . FIN
    8 suite_liste_inst: suite_liste_inst . instruction POINT_VIRGULE

    FIN       décalage et aller à l'état 81
    VIDE      décalage et aller à l'état 20
    TANT_QUE  décalage et aller à l'état 21
    RETOURNE  décalage et aller à l'état 22
    SI        décalage et aller à l'état 23
    READ      décalage et aller à l'état 24
    WRITE     décalage et aller à l'état 25
    IDF       décalage et aller à l'état 26

    instruction   aller à l'état 82
    lire          aller à l'état 29
    ecrire        aller à l'état 30
    appel         aller à l'état 31
    condition     aller à l'état 32
    tant_que      aller à l'état 33
    affectation   aller à l'état 34
    variable      aller à l'état 35
    variable_idf  aller à l'état 36
    tableau       aller à l'état 37


État 28

    7 suite_liste_inst: instruction . POINT_VIRGULE

    POINT_VIRGULE  décalage et aller à l'état 83


État 29

   55 instruction: lire .

    $défaut  réduction par utilisation de la règle 55 (instruction)


État 30

   56 instruction: ecrire .

    $défaut  réduction par utilisation de la règle 56 (instruction)


État 31

   52 instruction: appel .

    $défaut  réduction par utilisation de la règle 52 (instruction)


État 32

   50 instruction: condition .

    $défaut  réduction par utilisation de la règle 50 (instruction)


État 33

   51 instruction: tant_que .

    $défaut  réduction par utilisation de la règle 51 (instruction)


État 34

   49 instruction: affectation .

    $défaut  réduction par utilisation de la règle 49 (instruction)


État 35

   70 affectation: variable . OPAFF expression
   71            | variable . OPAFF expression_chaine
   72            | variable . plus_moins
   75 variable: variable . POINT tableau
   76         | variable . POINT variable_idf

    POINT       décalage et aller à l'état 84
    OPAFF       décalage et aller à l'état 85
    INCREMENTE  décalage et aller à l'état 86
    DECREMENTE  décalage et aller à l'état 87

    plus_moins  aller à l'état 88


État 36

   73 variable: variable_idf .

    $défaut  réduction par utilisation de la règle 73 (variable)


État 37

   74 variable: tableau .

    $défaut  réduction par utilisation de la règle 74 (variable)


État 38

   19 declaration_type: TYPE IDF . DEUX_POINTS suite_declaration_type_t
   20                 | TYPE IDF . DEUX_POINTS suite_declaration_type_s

    DEUX_POINTS  décalage et aller à l'état 89


État 39

   39 declaration_variable: VARIABLE IDF . DEUX_POINTS nom_type

    DEUX_POINTS  décalage et aller à l'état 90


État 40

   41 declaration_procedure: PROCEDURE IDF . liste_parametres $@1 corps

    PO  décalage et aller à l'état 91

    $défaut  réduction par utilisation de la règle 44 (liste_parametres)

    liste_parametres  aller à l'état 92


État 41

   43 declaration_fonction: FONCTION IDF . liste_parametres RETOURNE nom_type $@2 corps

    PO  décalage et aller à l'état 91

    $défaut  réduction par utilisation de la règle 44 (liste_parametres)

    liste_parametres  aller à l'état 93


État 42

    3 corps: liste_declarations liste_instructions .

    $défaut  réduction par utilisation de la règle 3 (corps)


État 43

    9 dec1: declaration_type POINT_VIRGULE .
   10     | declaration_type POINT_VIRGULE . dec1

    TYPE       décalage et aller à l'état 5
    VARIABLE   décalage et aller à l'état 6
    PROCEDURE  décalage et aller à l'état 7
    FONCTION   décalage et aller à l'état 8

    $défaut  réduction par utilisation de la règle 9 (dec1)

    dec1                   aller à l'état 94
    dec2                   aller à l'état 13
    dec3                   aller à l'état 14
    declaration_type       aller à l'état 15
    declaration_variable   aller à l'état 16
    declaration_procedure  aller à l'état 17
    declaration_fonction   aller à l'état 18


État 44

   12 dec2: declaration_variable POINT_VIRGULE .
   13     | declaration_variable POINT_VIRGULE . dec2

    VARIABLE   décalage et aller à l'état 6
    PROCEDURE  décalage et aller à l'état 7
    FONCTION   décalage et aller à l'état 8

    $défaut  réduction par utilisation de la règle 12 (dec2)

    dec2                   aller à l'état 95
    dec3                   aller à l'état 14
    declaration_variable   aller à l'état 16
    declaration_procedure  aller à l'état 17
    declaration_fonction   aller à l'état 18


État 45

   15 dec3: declaration_procedure POINT_VIRGULE .
   17     | declaration_procedure POINT_VIRGULE . dec3

    PROCEDURE  décalage et aller à l'état 7
    FONCTION   décalage et aller à l'état 8

    $défaut  réduction par utilisation de la règle 15 (dec3)

    dec3                   aller à l'état 96
    declaration_procedure  aller à l'état 17
    declaration_fonction   aller à l'état 18


État 46

   16 dec3: declaration_fonction POINT_VIRGULE .
   18     | declaration_fonction POINT_VIRGULE . dec3

    PROCEDURE  décalage et aller à l'état 7
    FONCTION   décalage et aller à l'état 8

    $défaut  réduction par utilisation de la règle 16 (dec3)

    dec3                   aller à l'état 97
    declaration_procedure  aller à l'état 17
    declaration_fonction   aller à l'état 18


État 47

  113 e4: PO . expression PF

    PO              décalage et aller à l'état 47
    MOINS           décalage et aller à l'état 48
    VRAI            décalage et aller à l'état 49
    FAUX            décalage et aller à l'état 50
    NON             décalage et aller à l'état 51
    CSTE_ENTIERE    décalage et aller à l'état 52
    IDF             décalage et aller à l'état 26
    CSTE_CARACTERE  décalage et aller à l'état 53
    CSTE_REEL       décalage et aller à l'état 54

    appel           aller à l'état 55
    variable        aller à l'état 56
    variable_idf    aller à l'état 36
    tableau         aller à l'état 37
    expression      aller à l'état 98
    expression_et   aller à l'état 58
    expression_ou   aller à l'état 59
    expression_neg  aller à l'état 60
    expression_bcn  aller à l'état 61
    cste_bool       aller à l'état 62
    expression_cmp  aller à l'état 63
    expression_num  aller à l'état 64
    e1              aller à l'état 65
    e2              aller à l'état 66
    e3              aller à l'état 67
    e4              aller à l'état 68
    e5              aller à l'état 69


État 48

  111 e3: MOINS . e4

    PO              décalage et aller à l'état 47
    CSTE_ENTIERE    décalage et aller à l'état 52
    IDF             décalage et aller à l'état 26
    CSTE_CARACTERE  décalage et aller à l'état 53
    CSTE_REEL       décalage et aller à l'état 54

    appel         aller à l'état 55
    variable      aller à l'état 56
    variable_idf  aller à l'état 36
    tableau       aller à l'état 37
    e4            aller à l'état 99
    e5            aller à l'état 69


État 49

   95 cste_bool: VRAI .

    $défaut  réduction par utilisation de la règle 95 (cste_bool)


État 50

   96 cste_bool: FAUX .

    $défaut  réduction par utilisation de la règle 96 (cste_bool)


État 51

   90 expression_neg: NON . expression_bcn

    PO              décalage et aller à l'état 47
    MOINS           décalage et aller à l'état 48
    VRAI            décalage et aller à l'état 49
    FAUX            décalage et aller à l'état 50
    CSTE_ENTIERE    décalage et aller à l'état 52
    IDF             décalage et aller à l'état 26
    CSTE_CARACTERE  décalage et aller à l'état 53
    CSTE_REEL       décalage et aller à l'état 54

    appel           aller à l'état 55
    variable        aller à l'état 56
    variable_idf    aller à l'état 36
    tableau         aller à l'état 37
    expression_bcn  aller à l'état 100
    cste_bool       aller à l'état 62
    expression_cmp  aller à l'état 63
    expression_num  aller à l'état 64
    e1              aller à l'état 65
    e2              aller à l'état 66
    e3              aller à l'état 67
    e4              aller à l'état 68
    e5              aller à l'état 69


État 52

  114 e4: CSTE_ENTIERE .

    $défaut  réduction par utilisation de la règle 114 (e4)


État 53

  116 e4: CSTE_CARACTERE .

    $défaut  réduction par utilisation de la règle 116 (e4)


État 54

  115 e4: CSTE_REEL .

    $défaut  réduction par utilisation de la règle 115 (e4)


État 55

  117 e4: appel .

    $défaut  réduction par utilisation de la règle 117 (e4)


État 56

   75 variable: variable . POINT tableau
   76         | variable . POINT variable_idf
  119 e5: variable .
  120   | variable . plus_moins

    POINT       décalage et aller à l'état 84
    INCREMENTE  décalage et aller à l'état 86
    DECREMENTE  décalage et aller à l'état 87

    $défaut  réduction par utilisation de la règle 119 (e5)

    plus_moins  aller à l'état 101


État 57

   69 tant_que: TANT_QUE expression . FAIRE liste_instructions

    FAIRE  décalage et aller à l'état 102


État 58

   85 expression: expression_et .
   86 expression_et: expression_et . ET expression_ou

    ET  décalage et aller à l'état 103

    $défaut  réduction par utilisation de la règle 85 (expression)


État 59

   87 expression_et: expression_ou .
   88 expression_ou: expression_ou . OU expression_neg

    OU  décalage et aller à l'état 104

    $défaut  réduction par utilisation de la règle 87 (expression_et)


État 60

   89 expression_ou: expression_neg .

    $défaut  réduction par utilisation de la règle 89 (expression_ou)


État 61

   91 expression_neg: expression_bcn .

    $défaut  réduction par utilisation de la règle 91 (expression_neg)


État 62

   92 expression_bcn: cste_bool .

    $défaut  réduction par utilisation de la règle 92 (expression_bcn)


État 63

   93 expression_bcn: expression_cmp .

    $défaut  réduction par utilisation de la règle 93 (expression_bcn)


État 64

   94 expression_bcn: expression_num .
   97 expression_cmp: expression_num . opcomp expression_num

    INF      décalage et aller à l'état 105
    SUP      décalage et aller à l'état 106
    INFEGAL  décalage et aller à l'état 107
    SUPEGAL  décalage et aller à l'état 108
    EGAL     décalage et aller à l'état 109
    DIFF     décalage et aller à l'état 110

    $défaut  réduction par utilisation de la règle 94 (expression_bcn)

    opcomp  aller à l'état 111


État 65

  104 expression_num: e1 .
  106 e1: e1 . PLUS e2
  107   | e1 . MOINS e2

    PLUS   décalage et aller à l'état 112
    MOINS  décalage et aller à l'état 113

    $défaut  réduction par utilisation de la règle 104 (expression_num)


État 66

  105 e1: e2 .
  109 e2: e2 . MULT e3
  110   | e2 . DIV e3

    DIV   décalage et aller à l'état 114
    MULT  décalage et aller à l'état 115

    $défaut  réduction par utilisation de la règle 105 (e1)


État 67

  108 e2: e3 .

    $défaut  réduction par utilisation de la règle 108 (e2)


État 68

  112 e3: e4 .

    $défaut  réduction par utilisation de la règle 112 (e3)


État 69

  118 e4: e5 .

    $défaut  réduction par utilisation de la règle 118 (e4)


État 70

   84 expression_chaine: CSTE_CHAINE .

    $défaut  réduction par utilisation de la règle 84 (expression_chaine)


État 71

   54 instruction: RETOURNE resultat_retourne .

    $défaut  réduction par utilisation de la règle 54 (instruction)


État 72

   61 resultat_retourne: expression_chaine .
   83 expression_chaine: expression_chaine . PLUS CSTE_CHAINE

    PLUS  décalage et aller à l'état 116

    $défaut  réduction par utilisation de la règle 61 (resultat_retourne)


État 73

   60 resultat_retourne: expression .

    $défaut  réduction par utilisation de la règle 60 (resultat_retourne)


État 74

   68 condition: SI expression . ALORS liste_instructions SINON liste_instructions

    ALORS  décalage et aller à l'état 117


État 75

   57 lire: READ PO . type_simple PF

    ENTIER     décalage et aller à l'état 118
    REEL       décalage et aller à l'état 119
    CHAINE     décalage et aller à l'état 120
    BOOLEEN    décalage et aller à l'état 121
    CARACTERE  décalage et aller à l'état 122

    type_simple  aller à l'état 123


État 76

   58 ecrire: WRITE PO . IDF PF

    IDF  décalage et aller à l'état 124


État 77

   79 liste_param_tab: CO . param_du_tab CF

    PO              décalage et aller à l'état 47
    MOINS           décalage et aller à l'état 48
    VRAI            décalage et aller à l'état 49
    FAUX            décalage et aller à l'état 50
    NON             décalage et aller à l'état 51
    CSTE_ENTIERE    décalage et aller à l'état 52
    IDF             décalage et aller à l'état 26
    CSTE_CARACTERE  décalage et aller à l'état 53
    CSTE_REEL       décalage et aller à l'état 54

    appel           aller à l'état 55
    variable        aller à l'état 56
    variable_idf    aller à l'état 36
    tableau         aller à l'état 37
    param_du_tab    aller à l'état 125
    expression      aller à l'état 126
    expression_et   aller à l'état 58
    expression_ou   aller à l'état 59
    expression_neg  aller à l'état 60
    expression_bcn  aller à l'état 61
    cste_bool       aller à l'état 62
    expression_cmp  aller à l'état 63
    expression_num  aller à l'état 64
    e1              aller à l'état 65
    e2              aller à l'état 66
    e3              aller à l'état 67
    e4              aller à l'état 68
    e5              aller à l'état 69


État 78

   63 liste_arguments: PO . PF
   64                | PO . liste_args PF

    PO              décalage et aller à l'état 47
    PF              décalage et aller à l'état 127
    MOINS           décalage et aller à l'état 48
    VRAI            décalage et aller à l'état 49
    FAUX            décalage et aller à l'état 50
    NON             décalage et aller à l'état 51
    CSTE_ENTIERE    décalage et aller à l'état 52
    IDF             décalage et aller à l'état 26
    CSTE_CARACTERE  décalage et aller à l'état 53
    CSTE_REEL       décalage et aller à l'état 54

    appel           aller à l'état 55
    liste_args      aller à l'état 128
    un_arg          aller à l'état 129
    variable        aller à l'état 56
    variable_idf    aller à l'état 36
    tableau         aller à l'état 37
    expression      aller à l'état 130
    expression_et   aller à l'état 58
    expression_ou   aller à l'état 59
    expression_neg  aller à l'état 60
    expression_bcn  aller à l'état 61
    cste_bool       aller à l'état 62
    expression_cmp  aller à l'état 63
    expression_num  aller à l'état 64
    e1              aller à l'état 65
    e2              aller à l'état 66
    e3              aller à l'état 67
    e4              aller à l'état 68
    e5              aller à l'état 69


État 79

   62 appel: IDF liste_arguments .

    $défaut  réduction par utilisation de la règle 62 (appel)


État 80

   78 tableau: IDF liste_param_tab .
   80 liste_param_tab: liste_param_tab . CO param_du_tab CF

    CO  décalage et aller à l'état 131

    $défaut  réduction par utilisation de la règle 78 (tableau)


État 81

    6 liste_instructions: DEBUT suite_liste_inst FIN .

    $défaut  réduction par utilisation de la règle 6 (liste_instructions)


État 82

    8 suite_liste_inst: suite_liste_inst instruction . POINT_VIRGULE

    POINT_VIRGULE  décalage et aller à l'état 132


État 83

    7 suite_liste_inst: instruction POINT_VIRGULE .

    $défaut  réduction par utilisation de la règle 7 (suite_liste_inst)


État 84

   75 variable: variable POINT . tableau
   76         | variable POINT . variable_idf

    IDF  décalage et aller à l'état 133

    variable_idf  aller à l'état 134
    tableau       aller à l'état 135


État 85

   70 affectation: variable OPAFF . expression
   71            | variable OPAFF . expression_chaine

    PO              décalage et aller à l'état 47
    MOINS           décalage et aller à l'état 48
    VRAI            décalage et aller à l'état 49
    FAUX            décalage et aller à l'état 50
    NON             décalage et aller à l'état 51
    CSTE_ENTIERE    décalage et aller à l'état 52
    IDF             décalage et aller à l'état 26
    CSTE_CARACTERE  décalage et aller à l'état 53
    CSTE_CHAINE     décalage et aller à l'état 70
    CSTE_REEL       décalage et aller à l'état 54

    appel              aller à l'état 55
    variable           aller à l'état 56
    variable_idf       aller à l'état 36
    tableau            aller à l'état 37
    expression_chaine  aller à l'état 136
    expression         aller à l'état 137
    expression_et      aller à l'état 58
    expression_ou      aller à l'état 59
    expression_neg     aller à l'état 60
    expression_bcn     aller à l'état 61
    cste_bool          aller à l'état 62
    expression_cmp     aller à l'état 63
    expression_num     aller à l'état 64
    e1                 aller à l'état 65
    e2                 aller à l'état 66
    e3                 aller à l'état 67
    e4                 aller à l'état 68
    e5                 aller à l'état 69


État 86

  121 plus_moins: INCREMENTE .

    $défaut  réduction par utilisation de la règle 121 (plus_moins)


État 87

  122 plus_moins: DECREMENTE .

    $défaut  réduction par utilisation de la règle 122 (plus_moins)


État 88

   72 affectation: variable plus_moins .

    $défaut  réduction par utilisation de la règle 72 (affectation)


État 89

   19 declaration_type: TYPE IDF DEUX_POINTS . suite_declaration_type_t
   20                 | TYPE IDF DEUX_POINTS . suite_declaration_type_s

    STRUCT   décalage et aller à l'état 138
    TABLEAU  décalage et aller à l'état 139

    suite_declaration_type_s  aller à l'état 140
    suite_declaration_type_t  aller à l'état 141


État 90

   39 declaration_variable: VARIABLE IDF DEUX_POINTS . nom_type

    IDF        décalage et aller à l'état 142
    ENTIER     décalage et aller à l'état 118
    REEL       décalage et aller à l'état 119
    CHAINE     décalage et aller à l'état 120
    BOOLEEN    décalage et aller à l'état 121
    CARACTERE  décalage et aller à l'état 122

    nom_type     aller à l'état 143
    type_simple  aller à l'état 144


État 91

   45 liste_parametres: PO . liste_param PF

    IDF  décalage et aller à l'état 145

    liste_param  aller à l'état 146
    un_param     aller à l'état 147


État 92

   41 declaration_procedure: PROCEDURE IDF liste_parametres . $@1 corps

    $défaut  réduction par utilisation de la règle 40 ($@1)

    $@1  aller à l'état 148


État 93

   43 declaration_fonction: FONCTION IDF liste_parametres . RETOURNE nom_type $@2 corps

    RETOURNE  décalage et aller à l'état 149


État 94

   10 dec1: declaration_type POINT_VIRGULE dec1 .

    $défaut  réduction par utilisation de la règle 10 (dec1)


État 95

   13 dec2: declaration_variable POINT_VIRGULE dec2 .

    $défaut  réduction par utilisation de la règle 13 (dec2)


État 96

   17 dec3: declaration_procedure POINT_VIRGULE dec3 .

    $défaut  réduction par utilisation de la règle 17 (dec3)


État 97

   18 dec3: declaration_fonction POINT_VIRGULE dec3 .

    $défaut  réduction par utilisation de la règle 18 (dec3)


État 98

  113 e4: PO expression . PF

    PF  décalage et aller à l'état 150


État 99

  111 e3: MOINS e4 .

    $défaut  réduction par utilisation de la règle 111 (e3)


État 100

   90 expression_neg: NON expression_bcn .

    $défaut  réduction par utilisation de la règle 90 (expression_neg)


État 101

  120 e5: variable plus_moins .

    $défaut  réduction par utilisation de la règle 120 (e5)


État 102

   69 tant_que: TANT_QUE expression FAIRE . liste_instructions

    DEBUT  décalage et aller à l'état 4

    liste_instructions  aller à l'état 151


État 103

   86 expression_et: expression_et ET . expression_ou

    PO              décalage et aller à l'état 47
    MOINS           décalage et aller à l'état 48
    VRAI            décalage et aller à l'état 49
    FAUX            décalage et aller à l'état 50
    NON             décalage et aller à l'état 51
    CSTE_ENTIERE    décalage et aller à l'état 52
    IDF             décalage et aller à l'état 26
    CSTE_CARACTERE  décalage et aller à l'état 53
    CSTE_REEL       décalage et aller à l'état 54

    appel           aller à l'état 55
    variable        aller à l'état 56
    variable_idf    aller à l'état 36
    tableau         aller à l'état 37
    expression_ou   aller à l'état 152
    expression_neg  aller à l'état 60
    expression_bcn  aller à l'état 61
    cste_bool       aller à l'état 62
    expression_cmp  aller à l'état 63
    expression_num  aller à l'état 64
    e1              aller à l'état 65
    e2              aller à l'état 66
    e3              aller à l'état 67
    e4              aller à l'état 68
    e5              aller à l'état 69


État 104

   88 expression_ou: expression_ou OU . expression_neg

    PO              décalage et aller à l'état 47
    MOINS           décalage et aller à l'état 48
    VRAI            décalage et aller à l'état 49
    FAUX            décalage et aller à l'état 50
    NON             décalage et aller à l'état 51
    CSTE_ENTIERE    décalage et aller à l'état 52
    IDF             décalage et aller à l'état 26
    CSTE_CARACTERE  décalage et aller à l'état 53
    CSTE_REEL       décalage et aller à l'état 54

    appel           aller à l'état 55
    variable        aller à l'état 56
    variable_idf    aller à l'état 36
    tableau         aller à l'état 37
    expression_neg  aller à l'état 153
    expression_bcn  aller à l'état 61
    cste_bool       aller à l'état 62
    expression_cmp  aller à l'état 63
    expression_num  aller à l'état 64
    e1              aller à l'état 65
    e2              aller à l'état 66
    e3              aller à l'état 67
    e4              aller à l'état 68
    e5              aller à l'état 69


État 105

   98 opcomp: INF .

    $défaut  réduction par utilisation de la règle 98 (opcomp)


État 106

  100 opcomp: SUP .

    $défaut  réduction par utilisation de la règle 100 (opcomp)


État 107

   99 opcomp: INFEGAL .

    $défaut  réduction par utilisation de la règle 99 (opcomp)


État 108

  101 opcomp: SUPEGAL .

    $défaut  réduction par utilisation de la règle 101 (opcomp)


État 109

  102 opcomp: EGAL .

    $défaut  réduction par utilisation de la règle 102 (opcomp)


État 110

  103 opcomp: DIFF .

    $défaut  réduction par utilisation de la règle 103 (opcomp)


État 111

   97 expression_cmp: expression_num opcomp . expression_num

    PO              décalage et aller à l'état 47
    MOINS           décalage et aller à l'état 48
    CSTE_ENTIERE    décalage et aller à l'état 52
    IDF             décalage et aller à l'état 26
    CSTE_CARACTERE  décalage et aller à l'état 53
    CSTE_REEL       décalage et aller à l'état 54

    appel           aller à l'état 55
    variable        aller à l'état 56
    variable_idf    aller à l'état 36
    tableau         aller à l'état 37
    expression_num  aller à l'état 154
    e1              aller à l'état 65
    e2              aller à l'état 66
    e3              aller à l'état 67
    e4              aller à l'état 68
    e5              aller à l'état 69


État 112

  106 e1: e1 PLUS . e2

    PO              décalage et aller à l'état 47
    MOINS           décalage et aller à l'état 48
    CSTE_ENTIERE    décalage et aller à l'état 52
    IDF             décalage et aller à l'état 26
    CSTE_CARACTERE  décalage et aller à l'état 53
    CSTE_REEL       décalage et aller à l'état 54

    appel         aller à l'état 55
    variable      aller à l'état 56
    variable_idf  aller à l'état 36
    tableau       aller à l'état 37
    e2            aller à l'état 155
    e3            aller à l'état 67
    e4            aller à l'état 68
    e5            aller à l'état 69


État 113

  107 e1: e1 MOINS . e2

    PO              décalage et aller à l'état 47
    MOINS           décalage et aller à l'état 48
    CSTE_ENTIERE    décalage et aller à l'état 52
    IDF             décalage et aller à l'état 26
    CSTE_CARACTERE  décalage et aller à l'état 53
    CSTE_REEL       décalage et aller à l'état 54

    appel         aller à l'état 55
    variable      aller à l'état 56
    variable_idf  aller à l'état 36
    tableau       aller à l'état 37
    e2            aller à l'état 156
    e3            aller à l'état 67
    e4            aller à l'état 68
    e5            aller à l'état 69


État 114

  110 e2: e2 DIV . e3

    PO              décalage et aller à l'état 47
    MOINS           décalage et aller à l'état 48
    CSTE_ENTIERE    décalage et aller à l'état 52
    IDF             décalage et aller à l'état 26
    CSTE_CARACTERE  décalage et aller à l'état 53
    CSTE_REEL       décalage et aller à l'état 54

    appel         aller à l'état 55
    variable      aller à l'état 56
    variable_idf  aller à l'état 36
    tableau       aller à l'état 37
    e3            aller à l'état 157
    e4            aller à l'état 68
    e5            aller à l'état 69


État 115

  109 e2: e2 MULT . e3

    PO              décalage et aller à l'état 47
    MOINS           décalage et aller à l'état 48
    CSTE_ENTIERE    décalage et aller à l'état 52
    IDF             décalage et aller à l'état 26
    CSTE_CARACTERE  décalage et aller à l'état 53
    CSTE_REEL       décalage et aller à l'état 54

    appel         aller à l'état 55
    variable      aller à l'état 56
    variable_idf  aller à l'état 36
    tableau       aller à l'état 37
    e3            aller à l'état 158
    e4            aller à l'état 68
    e5            aller à l'état 69


État 116

   83 expression_chaine: expression_chaine PLUS . CSTE_CHAINE

    CSTE_CHAINE  décalage et aller à l'état 159


État 117

   68 condition: SI expression ALORS . liste_instructions SINON liste_instructions

    DEBUT  décalage et aller à l'état 4

    liste_instructions  aller à l'état 160


État 118

   34 type_simple: ENTIER .

    $défaut  réduction par utilisation de la règle 34 (type_simple)


État 119

   35 type_simple: REEL .

    $défaut  réduction par utilisation de la règle 35 (type_simple)


État 120

   38 type_simple: CHAINE . CO CSTE_ENTIERE CF

    CO  décalage et aller à l'état 161


État 121

   36 type_simple: BOOLEEN .

    $défaut  réduction par utilisation de la règle 36 (type_simple)


État 122

   37 type_simple: CARACTERE .

    $défaut  réduction par utilisation de la règle 37 (type_simple)


État 123

   57 lire: READ PO type_simple . PF

    PF  décalage et aller à l'état 162


État 124

   58 ecrire: WRITE PO IDF . PF

    PF  décalage et aller à l'état 163


État 125

   79 liste_param_tab: CO param_du_tab . CF
   82 param_du_tab: param_du_tab . VIRGULE expression

    CF       décalage et aller à l'état 164
    VIRGULE  décalage et aller à l'état 165


État 126

   81 param_du_tab: expression .

    $défaut  réduction par utilisation de la règle 81 (param_du_tab)


État 127

   63 liste_arguments: PO PF .

    $défaut  réduction par utilisation de la règle 63 (liste_arguments)


État 128

   64 liste_arguments: PO liste_args . PF
   66 liste_args: liste_args . VIRGULE un_arg

    VIRGULE  décalage et aller à l'état 166
    PF       décalage et aller à l'état 167


État 129

   65 liste_args: un_arg .

    $défaut  réduction par utilisation de la règle 65 (liste_args)


État 130

   67 un_arg: expression .

    $défaut  réduction par utilisation de la règle 67 (un_arg)


État 131

   80 liste_param_tab: liste_param_tab CO . param_du_tab CF

    PO              décalage et aller à l'état 47
    MOINS           décalage et aller à l'état 48
    VRAI            décalage et aller à l'état 49
    FAUX            décalage et aller à l'état 50
    NON             décalage et aller à l'état 51
    CSTE_ENTIERE    décalage et aller à l'état 52
    IDF             décalage et aller à l'état 26
    CSTE_CARACTERE  décalage et aller à l'état 53
    CSTE_REEL       décalage et aller à l'état 54

    appel           aller à l'état 55
    variable        aller à l'état 56
    variable_idf    aller à l'état 36
    tableau         aller à l'état 37
    param_du_tab    aller à l'état 168
    expression      aller à l'état 126
    expression_et   aller à l'état 58
    expression_ou   aller à l'état 59
    expression_neg  aller à l'état 60
    expression_bcn  aller à l'état 61
    cste_bool       aller à l'état 62
    expression_cmp  aller à l'état 63
    expression_num  aller à l'état 64
    e1              aller à l'état 65
    e2              aller à l'état 66
    e3              aller à l'état 67
    e4              aller à l'état 68
    e5              aller à l'état 69


État 132

    8 suite_liste_inst: suite_liste_inst instruction POINT_VIRGULE .

    $défaut  réduction par utilisation de la règle 8 (suite_liste_inst)


État 133

   77 variable_idf: IDF .
   78 tableau: IDF . liste_param_tab

    CO  décalage et aller à l'état 77

    $défaut  réduction par utilisation de la règle 77 (variable_idf)

    liste_param_tab  aller à l'état 80


État 134

   76 variable: variable POINT variable_idf .

    $défaut  réduction par utilisation de la règle 76 (variable)


État 135

   75 variable: variable POINT tableau .

    $défaut  réduction par utilisation de la règle 75 (variable)


État 136

   71 affectation: variable OPAFF expression_chaine .
   83 expression_chaine: expression_chaine . PLUS CSTE_CHAINE

    PLUS  décalage et aller à l'état 116

    $défaut  réduction par utilisation de la règle 71 (affectation)


État 137

   70 affectation: variable OPAFF expression .

    $défaut  réduction par utilisation de la règle 70 (affectation)


État 138

   21 suite_declaration_type_s: STRUCT . liste_champs FSTRUCT

    IDF  décalage et aller à l'état 169

    liste_champs  aller à l'état 170
    un_champ      aller à l'état 171


État 139

   22 suite_declaration_type_t: TABLEAU . dimension DE nom_type

    CO  décalage et aller à l'état 172

    dimension  aller à l'état 173


État 140

   20 declaration_type: TYPE IDF DEUX_POINTS suite_declaration_type_s .

    $défaut  réduction par utilisation de la règle 20 (declaration_type)


État 141

   19 declaration_type: TYPE IDF DEUX_POINTS suite_declaration_type_t .

    $défaut  réduction par utilisation de la règle 19 (declaration_type)


État 142

   33 nom_type: IDF .

    $défaut  réduction par utilisation de la règle 33 (nom_type)


État 143

   39 declaration_variable: VARIABLE IDF DEUX_POINTS nom_type .

    $défaut  réduction par utilisation de la règle 39 (declaration_variable)


État 144

   32 nom_type: type_simple .

    $défaut  réduction par utilisation de la règle 32 (nom_type)


État 145

   48 un_param: IDF . DEUX_POINTS nom_type

    DEUX_POINTS  décalage et aller à l'état 174


État 146

   45 liste_parametres: PO liste_param . PF
   47 liste_param: liste_param . POINT_VIRGULE un_param

    POINT_VIRGULE  décalage et aller à l'état 175
    PF             décalage et aller à l'état 176


État 147

   46 liste_param: un_param .

    $défaut  réduction par utilisation de la règle 46 (liste_param)


État 148

   41 declaration_procedure: PROCEDURE IDF liste_parametres $@1 . corps

    DEBUT      décalage et aller à l'état 4
    TYPE       décalage et aller à l'état 5
    VARIABLE   décalage et aller à l'état 6
    PROCEDURE  décalage et aller à l'état 7
    FONCTION   décalage et aller à l'état 8

    corps                  aller à l'état 177
    liste_declarations     aller à l'état 10
    liste_instructions     aller à l'état 11
    dec1                   aller à l'état 12
    dec2                   aller à l'état 13
    dec3                   aller à l'état 14
    declaration_type       aller à l'état 15
    declaration_variable   aller à l'état 16
    declaration_procedure  aller à l'état 17
    declaration_fonction   aller à l'état 18


État 149

   43 declaration_fonction: FONCTION IDF liste_parametres RETOURNE . nom_type $@2 corps

    IDF        décalage et aller à l'état 142
    ENTIER     décalage et aller à l'état 118
    REEL       décalage et aller à l'état 119
    CHAINE     décalage et aller à l'état 120
    BOOLEEN    décalage et aller à l'état 121
    CARACTERE  décalage et aller à l'état 122

    nom_type     aller à l'état 178
    type_simple  aller à l'état 144


État 150

  113 e4: PO expression PF .

    $défaut  réduction par utilisation de la règle 113 (e4)


État 151

   69 tant_que: TANT_QUE expression FAIRE liste_instructions .

    $défaut  réduction par utilisation de la règle 69 (tant_que)


État 152

   86 expression_et: expression_et ET expression_ou .
   88 expression_ou: expression_ou . OU expression_neg

    OU  décalage et aller à l'état 104

    $défaut  réduction par utilisation de la règle 86 (expression_et)


État 153

   88 expression_ou: expression_ou OU expression_neg .

    $défaut  réduction par utilisation de la règle 88 (expression_ou)


État 154

   97 expression_cmp: expression_num opcomp expression_num .

    $défaut  réduction par utilisation de la règle 97 (expression_cmp)


État 155

  106 e1: e1 PLUS e2 .
  109 e2: e2 . MULT e3
  110   | e2 . DIV e3

    DIV   décalage et aller à l'état 114
    MULT  décalage et aller à l'état 115

    $défaut  réduction par utilisation de la règle 106 (e1)


État 156

  107 e1: e1 MOINS e2 .
  109 e2: e2 . MULT e3
  110   | e2 . DIV e3

    DIV   décalage et aller à l'état 114
    MULT  décalage et aller à l'état 115

    $défaut  réduction par utilisation de la règle 107 (e1)


État 157

  110 e2: e2 DIV e3 .

    $défaut  réduction par utilisation de la règle 110 (e2)


État 158

  109 e2: e2 MULT e3 .

    $défaut  réduction par utilisation de la règle 109 (e2)


État 159

   83 expression_chaine: expression_chaine PLUS CSTE_CHAINE .

    $défaut  réduction par utilisation de la règle 83 (expression_chaine)


État 160

   68 condition: SI expression ALORS liste_instructions . SINON liste_instructions

    SINON  décalage et aller à l'état 179


État 161

   38 type_simple: CHAINE CO . CSTE_ENTIERE CF

    CSTE_ENTIERE  décalage et aller à l'état 180


État 162

   57 lire: READ PO type_simple PF .

    $défaut  réduction par utilisation de la règle 57 (lire)


État 163

   58 ecrire: WRITE PO IDF PF .

    $défaut  réduction par utilisation de la règle 58 (ecrire)


État 164

   79 liste_param_tab: CO param_du_tab CF .

    $défaut  réduction par utilisation de la règle 79 (liste_param_tab)


État 165

   82 param_du_tab: param_du_tab VIRGULE . expression

    PO              décalage et aller à l'état 47
    MOINS           décalage et aller à l'état 48
    VRAI            décalage et aller à l'état 49
    FAUX            décalage et aller à l'état 50
    NON             décalage et aller à l'état 51
    CSTE_ENTIERE    décalage et aller à l'état 52
    IDF             décalage et aller à l'état 26
    CSTE_CARACTERE  décalage et aller à l'état 53
    CSTE_REEL       décalage et aller à l'état 54

    appel           aller à l'état 55
    variable        aller à l'état 56
    variable_idf    aller à l'état 36
    tableau         aller à l'état 37
    expression      aller à l'état 181
    expression_et   aller à l'état 58
    expression_ou   aller à l'état 59
    expression_neg  aller à l'état 60
    expression_bcn  aller à l'état 61
    cste_bool       aller à l'état 62
    expression_cmp  aller à l'état 63
    expression_num  aller à l'état 64
    e1              aller à l'état 65
    e2              aller à l'état 66
    e3              aller à l'état 67
    e4              aller à l'état 68
    e5              aller à l'état 69


État 166

   66 liste_args: liste_args VIRGULE . un_arg

    PO              décalage et aller à l'état 47
    MOINS           décalage et aller à l'état 48
    VRAI            décalage et aller à l'état 49
    FAUX            décalage et aller à l'état 50
    NON             décalage et aller à l'état 51
    CSTE_ENTIERE    décalage et aller à l'état 52
    IDF             décalage et aller à l'état 26
    CSTE_CARACTERE  décalage et aller à l'état 53
    CSTE_REEL       décalage et aller à l'état 54

    appel           aller à l'état 55
    un_arg          aller à l'état 182
    variable        aller à l'état 56
    variable_idf    aller à l'état 36
    tableau         aller à l'état 37
    expression      aller à l'état 130
    expression_et   aller à l'état 58
    expression_ou   aller à l'état 59
    expression_neg  aller à l'état 60
    expression_bcn  aller à l'état 61
    cste_bool       aller à l'état 62
    expression_cmp  aller à l'état 63
    expression_num  aller à l'état 64
    e1              aller à l'état 65
    e2              aller à l'état 66
    e3              aller à l'état 67
    e4              aller à l'état 68
    e5              aller à l'état 69


État 167

   64 liste_arguments: PO liste_args PF .

    $défaut  réduction par utilisation de la règle 64 (liste_arguments)


État 168

   80 liste_param_tab: liste_param_tab CO param_du_tab . CF
   82 param_du_tab: param_du_tab . VIRGULE expression

    CF       décalage et aller à l'état 183
    VIRGULE  décalage et aller à l'état 165


État 169

   31 un_champ: IDF . DEUX_POINTS nom_type POINT_VIRGULE

    DEUX_POINTS  décalage et aller à l'état 184


État 170

   21 suite_declaration_type_s: STRUCT liste_champs . FSTRUCT
   30 liste_champs: liste_champs . un_champ

    FSTRUCT  décalage et aller à l'état 185
    IDF      décalage et aller à l'état 169

    un_champ  aller à l'état 186


État 171

   29 liste_champs: un_champ .

    $défaut  réduction par utilisation de la règle 29 (liste_champs)


État 172

   23 dimension: CO . liste_dimensions CF

    MOINS         décalage et aller à l'état 187
    CSTE_ENTIERE  décalage et aller à l'état 188

    liste_dimensions  aller à l'état 189
    une_dimension     aller à l'état 190
    const_entier      aller à l'état 191


État 173

   22 suite_declaration_type_t: TABLEAU dimension . DE nom_type

    DE  décalage et aller à l'état 192


État 174

   48 un_param: IDF DEUX_POINTS . nom_type

    IDF        décalage et aller à l'état 142
    ENTIER     décalage et aller à l'état 118
    REEL       décalage et aller à l'état 119
    CHAINE     décalage et aller à l'état 120
    BOOLEEN    décalage et aller à l'état 121
    CARACTERE  décalage et aller à l'état 122

    nom_type     aller à l'état 193
    type_simple  aller à l'état 144


État 175

   47 liste_param: liste_param POINT_VIRGULE . un_param

    IDF  décalage et aller à l'état 145

    un_param  aller à l'état 194


État 176

   45 liste_parametres: PO liste_param PF .

    $défaut  réduction par utilisation de la règle 45 (liste_parametres)


État 177

   41 declaration_procedure: PROCEDURE IDF liste_parametres $@1 corps .

    $défaut  réduction par utilisation de la règle 41 (declaration_procedure)


État 178

   43 declaration_fonction: FONCTION IDF liste_parametres RETOURNE nom_type . $@2 corps

    $défaut  réduction par utilisation de la règle 42 ($@2)

    $@2  aller à l'état 195


État 179

   68 condition: SI expression ALORS liste_instructions SINON . liste_instructions

    DEBUT  décalage et aller à l'état 4

    liste_instructions  aller à l'état 196


État 180

   38 type_simple: CHAINE CO CSTE_ENTIERE . CF

    CF  décalage et aller à l'état 197


État 181

   82 param_du_tab: param_du_tab VIRGULE expression .

    $défaut  réduction par utilisation de la règle 82 (param_du_tab)


État 182

   66 liste_args: liste_args VIRGULE un_arg .

    $défaut  réduction par utilisation de la règle 66 (liste_args)


État 183

   80 liste_param_tab: liste_param_tab CO param_du_tab CF .

    $défaut  réduction par utilisation de la règle 80 (liste_param_tab)


État 184

   31 un_champ: IDF DEUX_POINTS . nom_type POINT_VIRGULE

    IDF        décalage et aller à l'état 142
    ENTIER     décalage et aller à l'état 118
    REEL       décalage et aller à l'état 119
    CHAINE     décalage et aller à l'état 120
    BOOLEEN    décalage et aller à l'état 121
    CARACTERE  décalage et aller à l'état 122

    nom_type     aller à l'état 198
    type_simple  aller à l'état 144


État 185

   21 suite_declaration_type_s: STRUCT liste_champs FSTRUCT .

    $défaut  réduction par utilisation de la règle 21 (suite_declaration_type_s)


État 186

   30 liste_champs: liste_champs un_champ .

    $défaut  réduction par utilisation de la règle 30 (liste_champs)


État 187

   28 const_entier: MOINS . CSTE_ENTIERE

    CSTE_ENTIERE  décalage et aller à l'état 199


État 188

   27 const_entier: CSTE_ENTIERE .

    $défaut  réduction par utilisation de la règle 27 (const_entier)


État 189

   23 dimension: CO liste_dimensions . CF
   25 liste_dimensions: liste_dimensions . VIRGULE une_dimension

    CF       décalage et aller à l'état 200
    VIRGULE  décalage et aller à l'état 201


État 190

   24 liste_dimensions: une_dimension .

    $défaut  réduction par utilisation de la règle 24 (liste_dimensions)


État 191

   26 une_dimension: const_entier . DIEZ const_entier

    DIEZ  décalage et aller à l'état 202


État 192

   22 suite_declaration_type_t: TABLEAU dimension DE . nom_type

    IDF        décalage et aller à l'état 142
    ENTIER     décalage et aller à l'état 118
    REEL       décalage et aller à l'état 119
    CHAINE     décalage et aller à l'état 120
    BOOLEEN    décalage et aller à l'état 121
    CARACTERE  décalage et aller à l'état 122

    nom_type     aller à l'état 203
    type_simple  aller à l'état 144


État 193

   48 un_param: IDF DEUX_POINTS nom_type .

    $défaut  réduction par utilisation de la règle 48 (un_param)


État 194

   47 liste_param: liste_param POINT_VIRGULE un_param .

    $défaut  réduction par utilisation de la règle 47 (liste_param)


État 195

   43 declaration_fonction: FONCTION IDF liste_parametres RETOURNE nom_type $@2 . corps

    DEBUT      décalage et aller à l'état 4
    TYPE       décalage et aller à l'état 5
    VARIABLE   décalage et aller à l'état 6
    PROCEDURE  décalage et aller à l'état 7
    FONCTION   décalage et aller à l'état 8

    corps                  aller à l'état 204
    liste_declarations     aller à l'état 10
    liste_instructions     aller à l'état 11
    dec1                   aller à l'état 12
    dec2                   aller à l'état 13
    dec3                   aller à l'état 14
    declaration_type       aller à l'état 15
    declaration_variable   aller à l'état 16
    declaration_procedure  aller à l'état 17
    declaration_fonction   aller à l'état 18


État 196

   68 condition: SI expression ALORS liste_instructions SINON liste_instructions .

    $défaut  réduction par utilisation de la règle 68 (condition)


État 197

   38 type_simple: CHAINE CO CSTE_ENTIERE CF .

    $défaut  réduction par utilisation de la règle 38 (type_simple)


État 198

   31 un_champ: IDF DEUX_POINTS nom_type . POINT_VIRGULE

    POINT_VIRGULE  décalage et aller à l'état 205


État 199

   28 const_entier: MOINS CSTE_ENTIERE .

    $défaut  réduction par utilisation de la règle 28 (const_entier)


État 200

   23 dimension: CO liste_dimensions CF .

    $défaut  réduction par utilisation de la règle 23 (dimension)


État 201

   25 liste_dimensions: liste_dimensions VIRGULE . une_dimension

    MOINS         décalage et aller à l'état 187
    CSTE_ENTIERE  décalage et aller à l'état 188

    une_dimension  aller à l'état 206
    const_entier   aller à l'état 191


État 202

   26 une_dimension: const_entier DIEZ . const_entier

    MOINS         décalage et aller à l'état 187
    CSTE_ENTIERE  décalage et aller à l'état 188

    const_entier  aller à l'état 207


État 203

   22 suite_declaration_type_t: TABLEAU dimension DE nom_type .

    $défaut  réduction par utilisation de la règle 22 (suite_declaration_type_t)


État 204

   43 declaration_fonction: FONCTION IDF liste_parametres RETOURNE nom_type $@2 corps .

    $défaut  réduction par utilisation de la règle 43 (declaration_fonction)


État 205

   31 un_champ: IDF DEUX_POINTS nom_type POINT_VIRGULE .

    $défaut  réduction par utilisation de la règle 31 (un_champ)


État 206

   25 liste_dimensions: liste_dimensions VIRGULE une_dimension .

    $défaut  réduction par utilisation de la règle 25 (liste_dimensions)


État 207

   26 une_dimension: const_entier DIEZ const_entier .

    $défaut  réduction par utilisation de la règle 26 (une_dimension)
